  GamePCH.cpp
  Coily.cpp
  CoilyInputAIComponent.cpp
  CoilyInputPlayerComponent.cpp
  CooperativeLevel.cpp
  Cube.cpp
  CubeHandleComponent.cpp
  EnemyInputComponent.cpp
  GameSpriteComponent.cpp
  FlyingDisc.cpp
  FlyingDiscMovementComponent.cpp
  FlyingDiscSpriteComponent.cpp
  HealthDisplayObject.cpp
  HelperFunctions.cpp
  MovementComponent.cpp
  PlayerDiscComponent.cpp
  QBert.cpp
  PlayerInputComponent.cpp
  RespawnComponent.cpp
  ScoreDisplayObject.cpp
  SinglePlayerLevel.cpp
  Compiling...
  LevelReader.cpp
  Main.cpp
  MainMenuScene.cpp
  SlickSam.cpp
  SpriteObject.cpp
  TextObject.cpp
  TextureObject.cpp
  UggWrongway.cpp
  VersusLevel.cpp
     Creating library D:\School\year 2\Semester 4\Programming 4\GitHub\Minigin\Release\Game.lib and object D:\School\year 2\Semester 4\Programming 4\GitHub\Minigin\Release\Game.exp
  Generating code
  Previous IPDB not found, fall back to full compilation.
  All 4388 functions were compiled because no usable IPDB/IOBJ from previous compilation was found.
  Finished generating code
  Game.vcxproj -> D:\School\year 2\Semester 4\Programming 4\GitHub\Minigin\Release\Game.exe
  D:\School\year 2\Semester 4\Programming 4\GitHub\Minigin\3rdParty\SDL2\lib\x86\SDL2.dll
  1 File(s) copied
  D:\School\year 2\Semester 4\Programming 4\GitHub\Minigin\3rdParty\SDL2_image\lib\x86\libjpeg-9.dll
  D:\School\year 2\Semester 4\Programming 4\GitHub\Minigin\3rdParty\SDL2_image\lib\x86\libpng16-16.dll
  D:\School\year 2\Semester 4\Programming 4\GitHub\Minigin\3rdParty\SDL2_image\lib\x86\libtiff-5.dll
  D:\School\year 2\Semester 4\Programming 4\GitHub\Minigin\3rdParty\SDL2_image\lib\x86\libwebp-7.dll
  D:\School\year 2\Semester 4\Programming 4\GitHub\Minigin\3rdParty\SDL2_image\lib\x86\SDL2_image.dll
  D:\School\year 2\Semester 4\Programming 4\GitHub\Minigin\3rdParty\SDL2_image\lib\x86\zlib1.dll
  6 File(s) copied
  D:\School\year 2\Semester 4\Programming 4\GitHub\Minigin\3rdParty\SDL2_Mixer\lib\x86\libFLAC-8.dll
  D:\School\year 2\Semester 4\Programming 4\GitHub\Minigin\3rdParty\SDL2_Mixer\lib\x86\libmodplug-1.dll
  D:\School\year 2\Semester 4\Programming 4\GitHub\Minigin\3rdParty\SDL2_Mixer\lib\x86\libmpg123-0.dll
  D:\School\year 2\Semester 4\Programming 4\GitHub\Minigin\3rdParty\SDL2_Mixer\lib\x86\libogg-0.dll
  D:\School\year 2\Semester 4\Programming 4\GitHub\Minigin\3rdParty\SDL2_Mixer\lib\x86\libopus-0.dll
  D:\School\year 2\Semester 4\Programming 4\GitHub\Minigin\3rdParty\SDL2_Mixer\lib\x86\libopusfile-0.dll
  D:\School\year 2\Semester 4\Programming 4\GitHub\Minigin\3rdParty\SDL2_Mixer\lib\x86\libvorbis-0.dll
  D:\School\year 2\Semester 4\Programming 4\GitHub\Minigin\3rdParty\SDL2_Mixer\lib\x86\libvorbisfile-3.dll
  D:\School\year 2\Semester 4\Programming 4\GitHub\Minigin\3rdParty\SDL2_Mixer\lib\x86\SDL2_mixer.dll
  9 File(s) copied
  D:\School\year 2\Semester 4\Programming 4\GitHub\Minigin\3rdParty\SDL2_ttf\lib\x86\libfreetype-6.dll
  D:\School\year 2\Semester 4\Programming 4\GitHub\Minigin\3rdParty\SDL2_ttf\lib\x86\SDL2_ttf.dll
  2 File(s) copied
